:04-11-2026 17:46:02 ToonBase: Default graphics pipe is glxGraphicsPipe (OpenGL).
:04-11-2026 17:46:02 ToonBase: Successfully opened window of type glxGraphicsWindow (OpenGL)
:04-11-2026 17:46:03 ToonBase(warning): Could not find resources/data/cursors.json!
:04-11-2026 17:46:03 DebugModule: Debug Enviroment detected! Activating the debug module.
:04-11-2026 17:46:03 PreloadCache: Adding the asset: infinisuite-gui/helix into the preload
:04-11-2026 17:46:03 PreloadCache: Adding the asset: infinisuite-gui/lights into the preload
System Platform: Linux 6.19.11-arch1-1
System Architecture: x86_64
ToontownStart: serverVersion:  ttevh-test-g80db80e
:04-11-2026 17:46:03 OTPClientRepository: Using connect method 'http'
:04-11-2026 17:46:03 PreloadCache: Adding the asset: common/chatbox-normal into the preload
:04-11-2026 17:46:03 PreloadCache: Adding the asset: common/chatbox-thought into the preload
:04-11-2026 17:46:03 PreloadCache: Adding the asset: common/chatbox-2d into the preload
:04-11-2026 17:46:03 PreloadCache: Adding the asset: common/chatbox-thought into the preload
:04-11-2026 17:46:03 PreloadCache: Adding the asset: common/nametag-panel into the preload
:04-11-2026 17:46:03 PreloadCache: Adding the asset: toon/gui-arrows into the preload
:04-11-2026 17:46:03 PreloadCache: Adding the asset: toon/gui-arrows into the preload
:04-11-2026 17:46:03 PreloadCache: Adding the asset: toon/gui-arrows into the preload
:04-11-2026 17:46:03 PreloadCache: Adding the asset: toon/gui-buttons into the preload
:04-11-2026 17:46:03 PreloadCache: Adding the asset: toon/gui-buttons into the preload
:04-11-2026 17:46:03 PreloadCache: Adding the asset: toon/gui-buttons into the preload
:04-11-2026 17:46:03 PreloadCache: Resolving the cache!
:04-11-2026 17:46:03 PreloadCache: Resolving toon/mat/chat-icons...
:04-11-2026 17:46:03 PreloadCache: Resolving toon/mat/chat-icons...
:04-11-2026 17:46:03 PreloadCache: Resolving toon/mat/typing-icons-cycle...
:04-11-2026 17:46:03 PreloadCache: Resolving suit/medallions...
:04-11-2026 17:46:03 PreloadCache: Resolving suit/portraits...
:04-11-2026 17:46:03 PreloadCache: Resolving suit/prime-portraits...
:04-11-2026 17:46:03 PreloadCache: Resolving toon/clock...
:04-11-2026 17:46:03 PreloadCache: Resolving toon/clock...
:04-11-2026 17:46:03 PreloadCache: Resolving toon/laff-meters...
:04-11-2026 17:46:03 PreloadCache: Resolving toon/laff-meter-components...
:04-11-2026 17:46:03 PreloadCache: Resolving toon/eon-core...
:04-11-2026 17:46:03 PreloadCache: Resolving toon/gablet-menu...
:04-11-2026 17:46:03 PreloadCache: Resolving toon/shop-icons...
:04-11-2026 17:46:03 PreloadCache: Resolving toon/shop-elements...
:04-11-2026 17:46:03 PreloadCache: Resolving toon/shop-icons...
:04-11-2026 17:46:03 PreloadCache: Resolving toon/shop-elements...
:04-11-2026 17:46:03 PreloadCache: Resolving toon/shop-icons...
:04-11-2026 17:46:03 PreloadCache: Resolving dreamscape/figment-bank-flat...
:04-11-2026 17:46:03 PreloadCache: Resolving toon/mat/gui...
:04-11-2026 17:46:03 PreloadCache: Resolving toon/laff-meters...
:04-11-2026 17:46:03 PreloadCache: Resolving common/circle...
:04-11-2026 17:46:03 PreloadCache: Resolving toon/gablet-menu...
:04-11-2026 17:46:03 PreloadCache: Resolving infinisuite-gui/helix...
:04-11-2026 17:46:04 PreloadCache: Resolving infinisuite-gui/lights...
:04-11-2026 17:46:04 PreloadCache: Resolving common/chatbox-normal...
:04-11-2026 17:46:04 PreloadCache: Resolving common/chatbox-thought...
:04-11-2026 17:46:04 PreloadCache: Resolving common/chatbox-2d...
:04-11-2026 17:46:04 PreloadCache: Resolving common/chatbox-thought...
:04-11-2026 17:46:04 PreloadCache: Resolving common/nametag-panel...
:04-11-2026 17:46:04 PreloadCache: Resolving toon/gui-arrows...
:04-11-2026 17:46:04 PreloadCache: Resolving toon/gui-arrows...
:04-11-2026 17:46:04 PreloadCache: Resolving toon/gui-arrows...
:04-11-2026 17:46:04 PreloadCache: Resolving toon/gui-buttons...
:04-11-2026 17:46:04 PreloadCache: Resolving toon/gui-buttons...
:04-11-2026 17:46:04 PreloadCache: Resolving toon/gui-buttons...
:04-11-2026 17:46:04 ToonBase: Initializing TitleScreen
:04-11-2026 17:46:04 TitleScreen: Loading TitleScreen
:04-11-2026 17:46:04 MenuPageManager(warning): An invalid page ID was provided: 3!
:04-11-2026 17:46:13 OTPClientRepository: Connecting to gameserver directly (no proxy).
:04-11-2026 17:46:13 OTPClientRepository: Connecting to //gs.toontowneventhorizon.com:6668 via HTTP interface.
:04-11-2026 17:46:13 OTPClientRepository: Successfully connected to //gs.toontowneventhorizon.com:6668.
:04-11-2026 16:46:14 OTPClientRepository: Notify clock adjusted by 0:00 (and timezone adjusted by -1.0 hours) to synchronize with server.
:04-11-2026 16:46:14 OTPClientRepository: Login response return code 0
:04-11-2026 16:46:17 AvatarChooser: AvatarChooser.enter
:04-11-2026 16:46:20 OTPClientRepository: ================
:04-11-2026 16:46:20 OTPClientRepository: Chose avatar id: 100000004
:04-11-2026 16:46:20 OTPClientRepository: Chose avatar name: Mr. Cheeze
:04-11-2026 16:46:20 OTPClientRepository: Chose avatar dna: ((0, (0, 0, 0)), 1, ((1, 11), (3, 1)), ((1, 0, 20), (1, 10, 17)), (), 0, Color(#464652), Color(#FFFFFF), Color(#464652), Color(#464652), Color(#464652), 0, Color(#C59F79), (0, 0), 6)
:04-11-2026 16:46:20 OTPClientRepository: Chose avatar position: 0
:04-11-2026 16:46:20 OTPClientRepository: ================
:04-11-2026 16:46:20 TitleScreen: Unloading TitleScreen
:04-11-2026 16:46:20 BulkLoadManager: starting bulk load of block 'localAvatarPlayGame'
:04-11-2026 16:46:23 OTPClientRepository: Sending heartbeat mid-frame.
:04-11-2026 16:46:28 DistributedToon(warning): Cheesy effects are not yet implemented!
:04-11-2026 16:46:28 OTPClientRepository: Entering shard 402000001
:04-11-2026 16:46:29 TimeManager: Clock sync: TimeManager.announceGenerate
:04-11-2026 16:46:29 TimeManager: Clock sync: startup
:04-11-2026 16:46:29 TimeManager: Ignoring TimeManager response for old context 0
:04-11-2026 16:46:29 TimeManager: Clock sync roundtrip took 173.074 ms
:04-11-2026 16:46:29 TimeManager: AI time delta is -0:00 from server delta
:04-11-2026 16:46:29 TimeManager: Local clock uncertainty +/- 0.087 s
:04-11-2026 16:46:29 OTPClientRepository: gotTimeSync
:04-11-2026 16:46:29 BulkLoadManager: At end of block 'None', expected 400, loaded 612
:04-11-2026 16:46:29 DistributedToon(warning): Cheesy effects are not yet implemented!
:04-11-2026 16:46:29 DistributedToon(warning): Cheesy effects are not yet implemented!
:04-11-2026 16:46:29 DistributedToon(warning): Cheesy effects are not yet implemented!
:04-11-2026 16:46:29 DistributedToon(warning): Cheesy effects are not yet implemented!
:04-11-2026 16:46:30 DistributedToon(warning): Cheesy effects are not yet implemented!
:04-11-2026 16:46:30 DistributedToon: calling LocalAvatar.startchat
:04-11-2026 16:46:30 ActorInterval(warning): Animations 'jump' on Mr. Cheeze have an inconsistent number of frames.
:04-11-2026 16:47:02 ActorInterval(warning): Animations 'jump' on Mr. Cheeze have an inconsistent number of frames.
:04-11-2026 16:47:02 ActorInterval(warning): Animations 'sit-start' on Mr. Cheeze have an inconsistent number of frames.
:04-11-2026 16:47:13 OTPClientRepository: Sending heartbeat mid-frame.
:04-11-2026 16:47:53 OTPClientRepository: Sending heartbeat mid-frame.
:04-11-2026 16:48:03 OTPClientRepository: Sending heartbeat mid-frame.
:04-11-2026 16:48:46 ActorInterval(warning): Animations 'slip-backward' on Mr. Cheeze have an inconsistent number of frames.
:04-11-2026 16:48:55 DistributedToon(warning): Cheesy effects are not yet implemented!
:04-11-2026 16:49:14 OTPClientRepository: Sending heartbeat mid-frame.
:04-11-2026 16:49:52 DistributedToon(warning): Cheesy effects are not yet implemented!
:04-11-2026 16:49:52 DistributedToon: calling LocalAvatar.startchat
:04-11-2026 16:49:52 ActorInterval(warning): Animations 'jump' on Mr. Cheeze have an inconsistent number of frames.
:04-11-2026 16:50:46 ActorInterval(warning): Animations 'jump' on Mr. Cheeze have an inconsistent number of frames.
:04-11-2026 16:52:12 ToonBase: User closed main window.
:04-11-2026 16:52:12 TimeManager: Client disconnect reason 2.
:04-11-2026 16:52:12 OTPClientRepository(warning): unclean exit, abandoning shard
:04-11-2026 16:52:12 OTPClientRepository: sending clientLogout
:04-11-2026 16:52:12 OTPClientRepository: Sent disconnect message to server
:04-11-2026 16:52:12 OTPClientRepository: Closing connection to server.
:04-11-2026 16:52:12 OTPClientRepository: Exiting cleanly
:04-11-2026 16:52:12 ToonBase: Exiting Toontown: errorCode = None
